<?xml version="1.0" encoding="utf-8"?>
<TestRun id="9283d8a2-d7f2-4b3c-9f2f-cf49e7637008" name="Arlan@DESKTOP-A863KMP 2025-05-27 17:24:47" runUser="DESKTOP-A863KMP\Arlan" xmlns="http://microsoft.com/schemas/VisualStudio/TeamTest/2010">
  <Times creation="2025-05-27T17:24:47.6982312+03:00" queuing="2025-05-27T17:24:47.6982313+03:00" start="2025-05-27T17:24:45.6695757+03:00" finish="2025-05-27T17:24:47.7026247+03:00" />
  <TestSettings name="default" id="600bccaa-05d5-48cb-a56a-ea1941210acd">
    <Deployment runDeploymentRoot="Arlan_DESKTOP-A863KMP_2025-05-27_17_24_47" />
  </TestSettings>
  <Results>
    <UnitTestResult executionId="329e1558-5c85-4353-9977-e4249280c042" testId="bcbd146c-46d5-3752-b5b1-3d0c9ca16253" testName="TransactionSendAndGet" computerName="DESKTOP-A863KMP" duration="00:00:01.6174200" startTime="2025-05-27T17:24:46.0166290+03:00" endTime="2025-05-27T17:24:47.6340172+03:00" testType="13cdc9d9-ddb5-4fa4-a97d-d965ccfc6d4b" outcome="Passed" testListId="8c84fa94-04c1-424b-9868-57a2d4851a1d" relativeResultsDirectory="329e1558-5c85-4353-9977-e4249280c042" />
  </Results>
  <TestDefinitions>
    <UnitTest name="TransactionSendAndGet" storage="g:\api_learning\wfeyphieqwpnkkqgyvci.supabase.co\wfeyphieqwpnkkqgyvci.supabase.co\bin\debug\net8.0\wfeyphieqwpnkkqgyvci.supabase.co.dll" id="bcbd146c-46d5-3752-b5b1-3d0c9ca16253">
      <Execution id="329e1558-5c85-4353-9977-e4249280c042" />
      <TestMethod codeBase="G:\api_learning\wfeyphieqwpnkkqgyvci.supabase.co\wfeyphieqwpnkkqgyvci.supabase.co\bin\Debug\net8.0\wfeyphieqwpnkkqgyvci.supabase.co.dll" adapterTypeName="executor://nunit3testexecutor/" className="SupabasecoTests.SupBaseTests" name="TransactionSendAndGet" />
    </UnitTest>
  </TestDefinitions>
  <TestEntries>
    <TestEntry testId="bcbd146c-46d5-3752-b5b1-3d0c9ca16253" executionId="329e1558-5c85-4353-9977-e4249280c042" testListId="8c84fa94-04c1-424b-9868-57a2d4851a1d" />
  </TestEntries>
  <TestLists>
    <TestList name="Results Not in a List" id="8c84fa94-04c1-424b-9868-57a2d4851a1d" />
    <TestList name="All Loaded Results" id="19431567-8539-422a-85d7-44ee4e166bda" />
  </TestLists>
  <ResultSummary outcome="Completed">
    <Counters total="1" executed="1" passed="1" failed="0" error="0" timeout="0" aborted="0" inconclusive="0" passedButRunAborted="0" notRunnable="0" notExecuted="0" disconnected="0" warning="0" completed="0" inProgress="0" pending="0" />
    <Output>
      <StdOut>NUnit Adapter 5.0.0.0: Test execution started&#xD;
Running all tests in G:\api_learning\wfeyphieqwpnkkqgyvci.supabase.co\wfeyphieqwpnkkqgyvci.supabase.co\bin\Debug\net8.0\wfeyphieqwpnkkqgyvci.supabase.co.dll&#xD;
   NUnit3TestExecutor discovered 1 of 1 NUnit test cases using Current Discovery mode, Non-Explicit run&#xD;
NUnit Adapter 5.0.0.0: Test execution complete&#xD;
</StdOut>
    </Output>
  </ResultSummary>
</TestRun>